d:\c代码\安全卫士\安全卫士\debug\安全卫士.pch
d:\c代码\安全卫士\安全卫士\debug\vc140.pdb
d:\c代码\安全卫士\安全卫士\debug\vc140.idb
d:\c代码\安全卫士\安全卫士\debug\stdafx.obj
d:\c代码\安全卫士\安全卫士\debug\安全卫士.obj
d:\c代码\安全卫士\安全卫士\debug\pageprocess.obj
d:\c代码\安全卫士\安全卫士\debug\安全卫士dlg.obj
d:\c代码\安全卫士\安全卫士\debug\pagepe.obj
d:\c代码\安全卫士\安全卫士\debug\impdlg.obj
d:\c代码\安全卫士\安全卫士\debug\dlgimp.obj
d:\c代码\安全卫士\安全卫士\debug\dlgexp.obj
d:\c代码\安全卫士\安全卫士\debug\threaddlg.obj
d:\c代码\安全卫士\安全卫士\debug\moddlg.obj
d:\c代码\安全卫士\安全卫士\debug\pagewnd.obj
d:\c代码\安全卫士\安全卫士\debug\rscdlg.obj
d:\c代码\安全卫士\安全卫士\debug\relocdlg.obj
d:\c代码\安全卫士\安全卫士\debug\cleandlg.obj
d:\c代码\安全卫士\安全卫士\debug\pageservice.obj
d:\c代码\安全卫士\安全卫士\debug\pagestart.obj
d:\c代码\安全卫士\安全卫士\debug\regedit.obj
d:\c代码\安全卫士\debug\安全卫士.ilk
d:\c代码\安全卫士\debug\安全卫士.exe
d:\c代码\安全卫士\debug\安全卫士.pdb
d:\c代码\安全卫士\安全卫士\debug\安全卫士.res
d:\c代码\安全卫士\安全卫士\debug\安全卫士.tlog\cl.command.1.tlog
d:\c代码\安全卫士\安全卫士\debug\安全卫士.tlog\cl.read.1.tlog
d:\c代码\安全卫士\安全卫士\debug\安全卫士.tlog\cl.write.1.tlog
d:\c代码\安全卫士\安全卫士\debug\安全卫士.tlog\link.command.1.tlog
d:\c代码\安全卫士\安全卫士\debug\安全卫士.tlog\link.read.1.tlog
d:\c代码\安全卫士\安全卫士\debug\安全卫士.tlog\link.write.1.tlog
d:\c代码\安全卫士\安全卫士\debug\安全卫士.tlog\rc.command.1.tlog
d:\c代码\安全卫士\安全卫士\debug\安全卫士.tlog\rc.read.1.tlog
d:\c代码\安全卫士\安全卫士\debug\安全卫士.tlog\rc.write.1.tlog
